<?xml version="1.0" encoding="UTF-8"?>
<coverage generated="1593020127145" clover="3.2.0">
  <project timestamp="1593020127146" name="All files">
    <metrics statements="18" coveredstatements="17" conditionals="8" coveredconditionals="6" methods="2" coveredmethods="2" elements="28" coveredelements="25" complexity="0" loc="18" ncloc="18" packages="1" files="1" classes="1"/>
    <file name="index.js" path="C:\Users\petri\Documents\GitHub\constructors\src\index.js">
      <metrics statements="18" coveredstatements="17" conditionals="8" coveredconditionals="6" methods="2" coveredmethods="2"/>
      <line num="3" count="4" type="stmt"/>
      <line num="6" count="4" type="cond" truecount="4" falsecount="0"/>
      <line num="7" count="1" type="stmt"/>
      <line num="9" count="3" type="cond" truecount="2" falsecount="0"/>
      <line num="10" count="1" type="stmt"/>
      <line num="12" count="2" type="stmt"/>
      <line num="13" count="2" type="stmt"/>
      <line num="14" count="2" type="stmt"/>
      <line num="15" count="2" type="stmt"/>
      <line num="16" count="2" type="stmt"/>
      <line num="17" count="2" type="stmt"/>
      <line num="18" count="2" type="stmt"/>
      <line num="19" count="2" type="stmt"/>
      <line num="20" count="2" type="stmt"/>
      <line num="21" count="2" type="stmt"/>
      <line num="32" count="1" type="stmt"/>
      <line num="34" count="1" type="cond" truecount="0" falsecount="2"/>
      <line num="35" count="0" type="stmt"/>
    </file>
  </project>
</coverage>
